h:\visual studio 2013\projects\newserver2\newserver2\x64\debug\newserver2.pch
h:\visual studio 2013\projects\newserver2\newserver2\x64\debug\vc120.pdb
h:\visual studio 2013\projects\newserver2\newserver2\x64\debug\vc120.idb
h:\visual studio 2013\projects\newserver2\newserver2\x64\debug\stdafx.obj
h:\visual studio 2013\projects\newserver2\newserver2\x64\debug\bluetoohserver.obj
h:\visual studio 2013\projects\newserver2\newserver2\x64\debug\database.obj
h:\visual studio 2013\projects\newserver2\newserver2\x64\debug\dataexportable.obj
h:\visual studio 2013\projects\newserver2\newserver2\x64\debug\datajudgment.obj
h:\visual studio 2013\projects\newserver2\newserver2\x64\debug\logevent.obj
h:\visual studio 2013\projects\newserver2\newserver2\x64\debug\luojiaorbit.obj
h:\visual studio 2013\projects\newserver2\newserver2\x64\debug\main.obj
h:\visual studio 2013\projects\newserver2\newserver2\x64\debug\orbit.obj
h:\visual studio 2013\projects\newserver2\newserver2\x64\debug\portableparam.obj
h:\visual studio 2013\projects\newserver2\newserver2\x64\debug\socketthread.obj
h:\visual studio 2013\projects\newserver2\newserver2\x64\debug\sockettrans.obj
h:\visual studio 2013\projects\newserver2\newserver2\x64\debug\newserver2.res
h:\visual studio 2013\projects\newserver2\x64\debug\newserver2.pdb
h:\visual studio 2013\projects\newserver2\x64\debug\newserver2.exe
h:\visual studio 2013\projects\newserver2\x64\debug\newserver2.ilk
h:\visual studio 2013\projects\newserver2\newserver2\x64\debug\newserver2.tlog\cl.command.1.tlog
h:\visual studio 2013\projects\newserver2\newserver2\x64\debug\newserver2.tlog\cl.read.1.tlog
h:\visual studio 2013\projects\newserver2\newserver2\x64\debug\newserver2.tlog\cl.write.1.tlog
h:\visual studio 2013\projects\newserver2\newserver2\x64\debug\newserver2.tlog\link.command.1.tlog
h:\visual studio 2013\projects\newserver2\newserver2\x64\debug\newserver2.tlog\link.read.1.tlog
h:\visual studio 2013\projects\newserver2\newserver2\x64\debug\newserver2.tlog\link.write.1.tlog
h:\visual studio 2013\projects\newserver2\newserver2\x64\debug\newserver2.tlog\rc.command.1.tlog
h:\visual studio 2013\projects\newserver2\newserver2\x64\debug\newserver2.tlog\rc.read.1.tlog
h:\visual studio 2013\projects\newserver2\newserver2\x64\debug\newserver2.tlog\rc.write.1.tlog
