生成启动时间为 2018/12/27 星期四 15:07:04。
     1>项目“H:\Visual Studio 2013\Projects\NewServer2\NewServer2\NewServer2.vcxproj”在节点 2 上(Build 个目标)。
     1>ClCompile:
         E:\software\VisualStudio2013\VC\bin\x86_amd64\CL.exe /c /Zi /nologo /W3 /WX- /sdl- /Od /D WIN32 /D _DEBUG /D _CONSOLE /D _LIB /D _UNICODE /D UNICODE /D _AFXDLL /Gm /EHsc /MDd /GS /fp:precise /Zc:wchar_t /Zc:forScope /Fo"x64\Debug\\" /Fd"x64\Debug\vc120.pdb" /Gd /TP /errorReport:prompt DataExPortable.cpp
         DataExPortable.cpp
     1>DataExPortable.cpp(70): warning C4996: 'wcscpy': This function or variable may be unsafe. Consider using wcscpy_s instead. To disable deprecation, use _CRT_SECURE_NO_WARNINGS. See online help for details.
                 E:\software\VisualStudio2013\VC\include\wchar.h(1042) : 参见“wcscpy”的声明
     1>DataExPortable.cpp(99): warning C4996: 'wcscpy': This function or variable may be unsafe. Consider using wcscpy_s instead. To disable deprecation, use _CRT_SECURE_NO_WARNINGS. See online help for details.
                 E:\software\VisualStudio2013\VC\include\wchar.h(1042) : 参见“wcscpy”的声明
     1>DataExPortable.cpp(435): warning C4305: “=”: 从“double”到“float”截断
     1>DataExPortable.cpp(436): warning C4305: “=”: 从“double”到“float”截断
     1>DataExPortable.cpp(437): warning C4305: “=”: 从“double”到“float”截断
     1>DataExPortable.cpp(438): warning C4305: “=”: 从“double”到“float”截断
     1>DataExPortable.cpp(439): warning C4305: “=”: 从“double”到“float”截断
     1>DataExPortable.cpp(440): warning C4305: “=”: 从“double”到“float”截断
     1>DataExPortable.cpp(441): warning C4305: “=”: 从“double”到“float”截断
     1>DataExPortable.cpp(442): warning C4305: “=”: 从“double”到“float”截断
     1>DataExPortable.cpp(443): warning C4305: “=”: 从“double”到“float”截断
     1>DataExPortable.cpp(444): warning C4305: “=”: 从“double”到“float”截断
     1>DataExPortable.cpp(716): warning C4101: “tm_length”: 未引用的局部变量
     1>DataExPortable.cpp(839): warning C4996: 'sprintf': This function or variable may be unsafe. Consider using sprintf_s instead. To disable deprecation, use _CRT_SECURE_NO_WARNINGS. See online help for details.
                 E:\software\VisualStudio2013\VC\include\stdio.h(356) : 参见“sprintf”的声明
     1>DataExPortable.cpp(859): warning C4996: 'sprintf': This function or variable may be unsafe. Consider using sprintf_s instead. To disable deprecation, use _CRT_SECURE_NO_WARNINGS. See online help for details.
                 E:\software\VisualStudio2013\VC\include\stdio.h(356) : 参见“sprintf”的声明
     1>DataExPortable.cpp(866): warning C4996: 'sprintf': This function or variable may be unsafe. Consider using sprintf_s instead. To disable deprecation, use _CRT_SECURE_NO_WARNINGS. See online help for details.
                 E:\software\VisualStudio2013\VC\include\stdio.h(356) : 参见“sprintf”的声明
     1>DataExPortable.cpp(893): warning C4996: 'sprintf': This function or variable may be unsafe. Consider using sprintf_s instead. To disable deprecation, use _CRT_SECURE_NO_WARNINGS. See online help for details.
                 E:\software\VisualStudio2013\VC\include\stdio.h(356) : 参见“sprintf”的声明
     1>DataExPortable.cpp(900): warning C4996: 'sprintf': This function or variable may be unsafe. Consider using sprintf_s instead. To disable deprecation, use _CRT_SECURE_NO_WARNINGS. See online help for details.
                 E:\software\VisualStudio2013\VC\include\stdio.h(356) : 参见“sprintf”的声明
     1>DataExPortable.cpp(949): warning C4305: “=”: 从“double”到“float”截断
     1>DataExPortable.cpp(950): warning C4305: “=”: 从“double”到“float”截断
     1>DataExPortable.cpp(951): warning C4305: “=”: 从“double”到“float”截断
     1>DataExPortable.cpp(952): warning C4305: “=”: 从“double”到“float”截断
     1>DataExPortable.cpp(953): warning C4305: “=”: 从“double”到“float”截断
     1>DataExPortable.cpp(954): warning C4305: “=”: 从“double”到“float”截断
     1>DataExPortable.cpp(955): warning C4305: “=”: 从“double”到“float”截断
     1>DataExPortable.cpp(956): warning C4305: “=”: 从“double”到“float”截断
     1>DataExPortable.cpp(957): warning C4305: “=”: 从“double”到“float”截断
     1>DataExPortable.cpp(958): warning C4305: “=”: 从“double”到“float”截断
     1>h:\visual studio 2013\projects\newserver2\newserver2\dataexportable.cpp(230): warning C4700: 使用了未初始化的局部变量“recv_length”
     1>h:\visual studio 2013\projects\newserver2\newserver2\dataexportable.cpp(972): warning C4715: “DataExPortable::OrderSend”: 不是所有的控件路径都返回值
       Link:
         E:\software\VisualStudio2013\VC\bin\x86_amd64\link.exe /ERRORREPORT:PROMPT /OUT:"H:\Visual Studio 2013\Projects\NewServer2\x64\Debug\NewServer2.exe" /INCREMENTAL /NOLOGO libmysql.lib /MANIFEST /MANIFESTUAC:"level='asInvoker' uiAccess='false'" /manifest:embed /manifestinput:E:\software\VisualStudio2013\VC\Include\Manifest\dpiaware.manifest /DEBUG /PDB:"H:\Visual Studio 2013\Projects\NewServer2\x64\Debug\NewServer2.pdb" /SUBSYSTEM:CONSOLE /TLBID:1 /DYNAMICBASE /NXCOMPAT /IMPLIB:"H:\Visual Studio 2013\Projects\NewServer2\x64\Debug\NewServer2.lib" /MACHINE:X64 x64\Debug\NewServer2.res
         x64\Debug\BluetoohServer.obj
         x64\Debug\Database.obj
         x64\Debug\DataExPortable.obj
         x64\Debug\DataJudgment.obj
         x64\Debug\LogEvent.obj
         x64\Debug\LuojiaOrbit.obj
         x64\Debug\main.obj
         x64\Debug\Orbit.obj
         x64\Debug\PortableParam.obj
         x64\Debug\SocketThread.obj
         x64\Debug\SocketTrans.obj
         x64\Debug\stdafx.obj
         NewServer2.vcxproj -> H:\Visual Studio 2013\Projects\NewServer2\x64\Debug\NewServer2.exe
     1>已完成生成项目“H:\Visual Studio 2013\Projects\NewServer2\NewServer2\NewServer2.vcxproj”(Build 个目标)的操作。

生成成功。

已用时间 00:00:03.43
